<?xml version="1.0" encoding="utf-8" standalone="no"?>
<!--This file represents the results of running a test suite-->
<test-results name="C:\Users\Mark Haurum\Documents\UNI\2. Semester\P2\Løsningsdelen\program\OrienteeringTracker\OrienteeringTracker\OrienteeringTracker.Test\bin\Debug\OrienteeringTracker.Test.dll" total="3" errors="0" failures="0" not-run="0" inconclusive="0" ignored="0" skipped="0" invalid="0" date="2015-05-26" time="08:50:40">
  <environment nunit-version="2.6.4.14350" clr-version="2.0.50727.8009" os-version="Microsoft Windows NT 6.2.9200.0" platform="Win32NT" cwd="C:\Program Files (x86)\NUnit 2.6.4\bin" machine-name="HAURUM" user="Mark Haurum" user-domain="HAURUM" />
  <culture-info current-culture="da-DK" current-uiculture="en-GB" />
  <test-suite type="Assembly" name="C:\Users\Mark Haurum\Documents\UNI\2. Semester\P2\Løsningsdelen\program\OrienteeringTracker\OrienteeringTracker\OrienteeringTracker.Test\bin\Debug\OrienteeringTracker.Test.dll" executed="True" result="Success" success="True" time="0.236" asserts="0">
    <results>
      <test-suite type="Namespace" name="OrienteeringTracker" executed="True" result="Success" success="True" time="0.219" asserts="0">
        <results>
          <test-suite type="Namespace" name="Test" executed="True" result="Success" success="True" time="0.218" asserts="0">
            <results>
              <test-suite type="TestFixture" name="ControlPointTest" executed="True" result="Success" success="True" time="0.185" asserts="0">
                <results>
                  <test-suite type="ParameterizedTest" name="ReadControlPoints_LineAndNr_PopulatedCP" executed="True" result="Success" success="True" time="0.178" asserts="0">
                    <results>
                      <test-case name="OrienteeringTracker.Test.ControlPointTest.ReadControlPoints_LineAndNr_PopulatedCP()" executed="True" result="Success" success="True" time="0.168" asserts="1" />
                    </results>
                  </test-suite>
                </results>
              </test-suite>
              <test-suite type="TestFixture" name="HelperTest" executed="True" result="Success" success="True" time="0.013" asserts="0">
                <results>
                  <test-suite type="ParameterizedTest" name="CalcSingleLength_TwoPoints_Return5" executed="True" result="Success" success="True" time="0.006" asserts="0">
                    <results>
                      <test-case name="OrienteeringTracker.Test.HelperTest.CalcSingleLength_TwoPoints_Return5()" executed="True" result="Success" success="True" time="0.005" asserts="1" />
                    </results>
                  </test-suite>
                  <test-suite type="ParameterizedTest" name="ConvertLatLongtoUTM_LatLong_UTM" executed="True" result="Success" success="True" time="0.004" asserts="0">
                    <results>
                      <test-case name="OrienteeringTracker.Test.HelperTest.ConvertLatLongtoUTM_LatLong_UTM()" executed="True" result="Success" success="True" time="0.003" asserts="3" />
                    </results>
                  </test-suite>
                </results>
              </test-suite>
            </results>
          </test-suite>
        </results>
      </test-suite>
    </results>
  </test-suite>
</test-results>