<?xml version="1.0" encoding="utf-8" standalone="no"?>
<!--This file represents the results of running a test suite-->
<test-results name="C:\Users\Mark Haurum\Documents\UNI\2. Semester\P2\Løsningsdelen\program\OrienteeringTracker\OrienteeringTracker\OrienteeringTracker.Test\bin\Debug\OrienteeringTracker.Test.dll" total="1" errors="0" failures="0" not-run="0" inconclusive="0" ignored="0" skipped="0" invalid="0" date="2015-05-15" time="13:10:14">
  <environment nunit-version="2.6.4.14350" clr-version="2.0.50727.8009" os-version="Microsoft Windows NT 6.2.9200.0" platform="Win32NT" cwd="C:\Program Files (x86)\NUnit 2.6.4\bin" machine-name="HAURUM" user="Mark Haurum" user-domain="HAURUM" />
  <culture-info current-culture="da-DK" current-uiculture="en-GB" />
  <test-suite type="Assembly" name="C:\Users\Mark Haurum\Documents\UNI\2. Semester\P2\Løsningsdelen\program\OrienteeringTracker\OrienteeringTracker\OrienteeringTracker.Test\bin\Debug\OrienteeringTracker.Test.dll" executed="True" result="Success" success="True" time="0.237" asserts="0">
    <results>
      <test-suite type="Namespace" name="OrienteeringTracker" executed="True" result="Success" success="True" time="0.210" asserts="0">
        <results>
          <test-suite type="Namespace" name="Test" executed="True" result="Success" success="True" time="0.209" asserts="0">
            <results>
              <test-suite type="TestFixture" name="ControlPointTest" executed="True" result="Success" success="True" time="0.172" asserts="0">
                <results>
                  <test-suite type="ParameterizedTest" name="ReadControlPoints_LineAndNr_PopulatedCP" executed="True" result="Success" success="True" time="0.160" asserts="0">
                    <results>
                      <test-case name="OrienteeringTracker.Test.ControlPointTest.ReadControlPoints_LineAndNr_PopulatedCP()" executed="True" result="Success" success="True" time="0.144" asserts="1" />
                    </results>
                  </test-suite>
                </results>
              </test-suite>
              <test-suite type="TestFixture" name="HelperTest" executed="True" result="Inconclusive" success="False" time="0.000" asserts="0" />
            </results>
          </test-suite>
        </results>
      </test-suite>
    </results>
  </test-suite>
</test-results>